<?xml version="1.0" encoding="UTF-8"?>
<!-- Generated by org.testng.reporters.JUnitReportReporter -->
<testsuite hostname="shanthan" failures="0" tests="3" name="com.example.api.ApiTest" time="2.506" errors="0" timestamp="2024-12-02T00:13:49 GMT-05:00" skipped="0">
  <testcase classname="com.example.api.ApiTest" name="testPostRequest" time="0.248"/>
  <system-out/>
  <testcase classname="com.example.api.ApiTest" name="testGetRequest" time="0.126"/>
  <system-out/>
  <testcase classname="com.example.api.ApiTest" name="testAllPosts" time="2.132"/>
  <system-out/>
</testsuite> <!-- com.example.api.ApiTest -->
